<?xml version="1.0" encoding="UTF-8"?>
<!-- Generated by org.testng.reporters.JUnitXMLReporter -->
<testsuite hostname="DESKTOP-0DT4K5P" ignored="0" name="Test" tests="1" failures="1" timestamp="2021-04-02T23:05:13 EET" time="83.236" errors="0">
  <testcase name="RegisterWOCmpnyWMobWalletInvNo" time="83.182" classname="Framwork.KhaznaTest.RegisterWOCompanyWMobileWalletInvalidNo">
    <failure type="org.openqa.selenium.NoSuchElementException" message="An element could not be located on the page using the given search parameters.
For documentation on this error, please visit: https://www.seleniumhq.org/exceptions/no_such_element.html
Build info: version: &amp;apos;3.141.59&amp;apos;, revision: &amp;apos;e82be7d358&amp;apos;, time: &amp;apos;2018-11-14T08:17:03&amp;apos;
System info: host: &amp;apos;DESKTOP-0DT4K5P&amp;apos;, ip: &amp;apos;192.168.1.6&amp;apos;, os.name: &amp;apos;Windows 10&amp;apos;, os.arch: &amp;apos;amd64&amp;apos;, os.version: &amp;apos;10.0&amp;apos;, java.version: &amp;apos;1.8.0_271&amp;apos;
Driver info: io.appium.java_client.android.AndroidDriver
Capabilities {app: C:\Automation\eclipse-works..., appPackage: com.project.imperialcreatio..., automationName: uiautomator2, databaseEnabled: false, desired: {app: C:\Automation\eclipse-works..., automationName: uiautomator2, deviceName: RF8M32EDBCZ, platformName: android}, deviceApiLevel: 30, deviceManufacturer: samsung, deviceModel: SM-G973F, deviceName: RF8M32EDBCZ, deviceScreenDensity: 560, deviceScreenSize: 1440x3040, deviceUDID: RF8M32EDBCZ, javascriptEnabled: true, locationContextEnabled: false, networkConnectionEnabled: true, pixelRatio: 3.5, platform: LINUX, platformName: Android, platformVersion: 11, statBarHeight: 150, takesScreenshot: true, viewportRect: {height: 2741, left: 0, top: 150, width: 1440}, warnings: {}, webStorageEnabled: false}
Session ID: 69ecb078-9d81-453a-a2b4-6640296bd6d6
*** Element info: {Using=id, value=com.project.imperialcreation.khaznaproject:id/bankInfoWalletRB}">
      <![CDATA[org.openqa.selenium.NoSuchElementException: An element could not be located on the page using the given search parameters.
For documentation on this error, please visit: https://www.seleniumhq.org/exceptions/no_such_element.html
Build info: version: '3.141.59', revision: 'e82be7d358', time: '2018-11-14T08:17:03'
System info: host: 'DESKTOP-0DT4K5P', ip: '192.168.1.6', os.name: 'Windows 10', os.arch: 'amd64', os.version: '10.0', java.version: '1.8.0_271'
Driver info: io.appium.java_client.android.AndroidDriver
Capabilities {app: C:\Automation\eclipse-works..., appPackage: com.project.imperialcreatio..., automationName: uiautomator2, databaseEnabled: false, desired: {app: C:\Automation\eclipse-works..., automationName: uiautomator2, deviceName: RF8M32EDBCZ, platformName: android}, deviceApiLevel: 30, deviceManufacturer: samsung, deviceModel: SM-G973F, deviceName: RF8M32EDBCZ, deviceScreenDensity: 560, deviceScreenSize: 1440x3040, deviceUDID: RF8M32EDBCZ, javascriptEnabled: true, locationContextEnabled: false, networkConnectionEnabled: true, pixelRatio: 3.5, platform: LINUX, platformName: Android, platformVersion: 11, statBarHeight: 150, takesScreenshot: true, viewportRect: {height: 2741, left: 0, top: 150, width: 1440}, warnings: {}, webStorageEnabled: false}
Session ID: 69ecb078-9d81-453a-a2b4-6640296bd6d6
*** Element info: {Using=id, value=com.project.imperialcreation.khaznaproject:id/bankInfoWalletRB}
at org.openqa.selenium.remote.http.W3CHttpResponseCodec.createException(W3CHttpResponseCodec.java:187)
at org.openqa.selenium.remote.http.W3CHttpResponseCodec.decode(W3CHttpResponseCodec.java:122)
at org.openqa.selenium.remote.http.W3CHttpResponseCodec.decode(W3CHttpResponseCodec.java:49)
at org.openqa.selenium.remote.HttpCommandExecutor.execute(HttpCommandExecutor.java:158)
at io.appium.java_client.remote.AppiumCommandExecutor.execute(AppiumCommandExecutor.java:247)
at org.openqa.selenium.remote.RemoteWebDriver.execute(RemoteWebDriver.java:552)
at io.appium.java_client.DefaultGenericMobileDriver.execute(DefaultGenericMobileDriver.java:41)
at io.appium.java_client.AppiumDriver.execute(AppiumDriver.java:1)
at io.appium.java_client.android.AndroidDriver.execute(AndroidDriver.java:1)
at org.openqa.selenium.remote.RemoteWebDriver.findElement(RemoteWebDriver.java:323)
at io.appium.java_client.DefaultGenericMobileDriver.findElement(DefaultGenericMobileDriver.java:61)
at io.appium.java_client.AppiumDriver.findElement(AppiumDriver.java:1)
at io.appium.java_client.android.AndroidDriver.findElement(AndroidDriver.java:1)
at org.openqa.selenium.remote.RemoteWebDriver.findElementById(RemoteWebDriver.java:372)
at io.appium.java_client.DefaultGenericMobileDriver.findElementById(DefaultGenericMobileDriver.java:69)
at io.appium.java_client.AppiumDriver.findElementById(AppiumDriver.java:1)
at io.appium.java_client.android.AndroidDriver.findElementById(AndroidDriver.java:1)
at org.openqa.selenium.By$ById.findElement(By.java:188)
at org.openqa.selenium.remote.RemoteWebDriver.findElement(RemoteWebDriver.java:315)
at io.appium.java_client.DefaultGenericMobileDriver.findElement(DefaultGenericMobileDriver.java:57)
at io.appium.java_client.AppiumDriver.findElement(AppiumDriver.java:1)
at io.appium.java_client.android.AndroidDriver.findElement(AndroidDriver.java:1)
at Framwork.KhaznaTest.registerLibrary.RegisterUtils.ChooseMobileWallet(RegisterUtils.java:192)
at Framwork.KhaznaTest.RegisterWOCompanyWMobileWalletInvalidNo.RegisterWOCmpnyWMobWalletInvNo(RegisterWOCompanyWMobileWalletInvalidNo.java:26)
at java.util.ArrayList.forEach(ArrayList.java:1259)
... Removed 34 stack frames]]>
    </failure>
  </testcase> <!-- RegisterWOCmpnyWMobWalletInvNo -->
</testsuite> <!-- Test -->
