<?xml version="1.0" encoding="UTF-8"?>
<testsuite xmlns:xsi="http://www.w3.org/2001/XMLSchema-instance" xsi:noNamespaceSchemaLocation="https://maven.apache.org/surefire/maven-surefire-plugin/xsd/surefire-test-report.xsd" name="TestSuite" time="84.511" tests="1" errors="0" skipped="0" failures="1">
  <properties>
[...]
</properties>
  <testcase name="RegisterWOCmpnyWMobWalletInvNo" classname="Framwork.KhaznaTest.RegisterWOCompanyWMobileWalletInvalidNo" time="83.189">
    <failure message="An element could not be located on the page using the given search parameters.&#10;For documentation on this error, please visit: https://www.seleniumhq.org/exceptions/no_such_element.html&#10;Build info: version: &apos;3.141.59&apos;, revision: &apos;e82be7d358&apos;, time: &apos;2018-11-14T08:17:03&apos;&#10;System info: host: &apos;DESKTOP-0DT4K5P&apos;, ip: &apos;192.168.1.6&apos;, os.name: &apos;Windows 10&apos;, os.arch: &apos;amd64&apos;, os.version: &apos;10.0&apos;, java.version: &apos;1.8.0_271&apos;&#10;Driver info: io.appium.java_client.android.AndroidDriver&#10;Capabilities {app: C:\Automation\eclipse-works..., appPackage: com.project.imperialcreatio..., automationName: uiautomator2, databaseEnabled: false, desired: {app: C:\Automation\eclipse-works..., automationName: uiautomator2, deviceName: RF8M32EDBCZ, platformName: android}, deviceApiLevel: 30, deviceManufacturer: samsung, deviceModel: SM-G973F, deviceName: RF8M32EDBCZ, deviceScreenDensity: 560, deviceScreenSize: 1440x3040, deviceUDID: RF8M32EDBCZ, javascriptEnabled: true, locationContextEnabled: false, networkConnectionEnabled: true, pixelRatio: 3.5, platform: LINUX, platformName: Android, platformVersion: 11, statBarHeight: 150, takesScreenshot: true, viewportRect: {height: 2741, left: 0, top: 150, width: 1440}, warnings: {}, webStorageEnabled: false}&#10;Session ID: 69ecb078-9d81-453a-a2b4-6640296bd6d6&#10;*** Element info: {Using=id, value=com.project.imperialcreation.khaznaproject:id/bankInfoWalletRB}" type="org.openqa.selenium.NoSuchElementException">org.openqa.selenium.NoSuchElementException: 
An element could not be located on the page using the given search parameters.
For documentation on this error, please visit: https://www.seleniumhq.org/exceptions/no_such_element.html
Build info: version: '3.141.59', revision: 'e82be7d358', time: '2018-11-14T08:17:03'
System info: host: 'DESKTOP-0DT4K5P', ip: '192.168.1.6', os.name: 'Windows 10', os.arch: 'amd64', os.version: '10.0', java.version: '1.8.0_271'
Driver info: io.appium.java_client.android.AndroidDriver
Capabilities {app: C:\Automation\eclipse-works..., appPackage: com.project.imperialcreatio..., automationName: uiautomator2, databaseEnabled: false, desired: {app: C:\Automation\eclipse-works..., automationName: uiautomator2, deviceName: RF8M32EDBCZ, platformName: android}, deviceApiLevel: 30, deviceManufacturer: samsung, deviceModel: SM-G973F, deviceName: RF8M32EDBCZ, deviceScreenDensity: 560, deviceScreenSize: 1440x3040, deviceUDID: RF8M32EDBCZ, javascriptEnabled: true, locationContextEnabled: false, networkConnectionEnabled: true, pixelRatio: 3.5, platform: LINUX, platformName: Android, platformVersion: 11, statBarHeight: 150, takesScreenshot: true, viewportRect: {height: 2741, left: 0, top: 150, width: 1440}, warnings: {}, webStorageEnabled: false}
Session ID: 69ecb078-9d81-453a-a2b4-6640296bd6d6
*** Element info: {Using=id, value=com.project.imperialcreation.khaznaproject:id/bankInfoWalletRB}
	at Framwork.KhaznaTest.RegisterWOCompanyWMobileWalletInvalidNo.RegisterWOCmpnyWMobWalletInvNo(RegisterWOCompanyWMobileWalletInvalidNo.java:26)
</failure>
    <system-err><![CDATA[Apr 02, 2021 11:04:01 PM io.appium.java_client.remote.AppiumCommandExecutor$1 lambda$0
INFO: Detected dialect: W3C
]]></system-err>
  </testcase>
</testsuite>